2023-11-09T06:15:35+00:00 CRITICAL Uncaught Error: Call to a member function enqueue_styles() on null in C:\laragon\www\wordpress\wp-content\plugins\header-footer-elementor\inc\class-header-footer-elementor.php:385
Stack trace:
#0 C:\laragon\www\wordpress\wp-includes\class-wp-hook.php(310): Header_Footer_Elementor->enqueue_scripts('')
#1 C:\laragon\www\wordpress\wp-includes\class-wp-hook.php(334): WP_Hook->apply_filters(NULL, Array)
#2 C:\laragon\www\wordpress\wp-includes\plugin.php(517): WP_Hook->do_action(Array)
#3 C:\laragon\www\wordpress\wp-includes\script-loader.php(2225): do_action('wp_enqueue_scri...')
#4 C:\laragon\www\wordpress\wp-includes\class-wp-customize-manager.php(457): wp_enqueue_scripts()
#5 C:\laragon\www\wordpress\wp-includes\class-wp-customize-manager.php(554): WP_Customize_Manager->wp_die(0, 'Non-existent ch...')
#6 C:\laragon\www\wordpress\wp-includes\class-wp-hook.php(310): WP_Customize_Manager->setup_theme('')
#7 C:\laragon\www\wordpress\wp-includes\class-wp-hook.php(334): WP_Hook->apply_filters(NULL, Array)
#8 C:\laragon\www\wordpress\wp-includes\plugin.php(517): WP_Hook->do_action(Array)
#9 C:\laragon\www\wordpress\wp-settings.php(564): do_action('setup_theme')
#10 C:\laragon\www\wordpress\wp-config.php(96): require_once('C:\\laragon\\www\\...')
#11 C:\laragon\www\wordpress\wp-load.php(50): require_once('C:\\laragon\\www\\...')
#12 C:\laragon\www\wordpress\wp-blog-header.php(13): require_once('C:\\laragon\\www\\...')
#13 C:\laragon\www\wordpress\index.php(17): require('C:\\laragon\\www\\...')
#14 {main}
  thrown en C:\laragon\www\wordpress\wp-content\plugins\header-footer-elementor\inc\class-header-footer-elementor.php en la línea 385

2023-11-09T06:15:50+00:00 CRITICAL Uncaught Error: Call to a member function enqueue_styles() on null in C:\laragon\www\wordpress\wp-content\plugins\header-footer-elementor\inc\class-header-footer-elementor.php:385
Stack trace:
#0 C:\laragon\www\wordpress\wp-includes\class-wp-hook.php(310): Header_Footer_Elementor->enqueue_scripts('')
#1 C:\laragon\www\wordpress\wp-includes\class-wp-hook.php(334): WP_Hook->apply_filters(NULL, Array)
#2 C:\laragon\www\wordpress\wp-includes\plugin.php(517): WP_Hook->do_action(Array)
#3 C:\laragon\www\wordpress\wp-includes\script-loader.php(2225): do_action('wp_enqueue_scri...')
#4 C:\laragon\www\wordpress\wp-includes\class-wp-customize-manager.php(457): wp_enqueue_scripts()
#5 C:\laragon\www\wordpress\wp-includes\class-wp-customize-manager.php(554): WP_Customize_Manager->wp_die(0, 'Non-existent ch...')
#6 C:\laragon\www\wordpress\wp-includes\class-wp-hook.php(310): WP_Customize_Manager->setup_theme('')
#7 C:\laragon\www\wordpress\wp-includes\class-wp-hook.php(334): WP_Hook->apply_filters(NULL, Array)
#8 C:\laragon\www\wordpress\wp-includes\plugin.php(517): WP_Hook->do_action(Array)
#9 C:\laragon\www\wordpress\wp-settings.php(564): do_action('setup_theme')
#10 C:\laragon\www\wordpress\wp-config.php(96): require_once('C:\\laragon\\www\\...')
#11 C:\laragon\www\wordpress\wp-load.php(50): require_once('C:\\laragon\\www\\...')
#12 C:\laragon\www\wordpress\wp-blog-header.php(13): require_once('C:\\laragon\\www\\...')
#13 C:\laragon\www\wordpress\index.php(17): require('C:\\laragon\\www\\...')
#14 {main}
  thrown en C:\laragon\www\wordpress\wp-content\plugins\header-footer-elementor\inc\class-header-footer-elementor.php en la línea 385

